<?xml version="1.0" encoding="UTF-8"?>
<testng-results ignored="0" total="1" passed="1" failed="0" skipped="0">
  <reporter-output>
  </reporter-output>
  <suite started-at="2024-07-29T13:58:14 IST" name="Default suite" finished-at="2024-07-29T13:58:33 IST" duration-ms="18971">
    <groups>
    </groups>
    <test started-at="2024-07-29T13:58:14 IST" name="Default test" finished-at="2024-07-29T13:58:33 IST" duration-ms="18971">
      <class name="testng_pkg.WindowHandlerWrk">
        <test-method is-config="true" signature="setUp()[pri:0, instance:testng_pkg.WindowHandlerWrk@f09733f]" started-at="2024-07-29T13:58:14 IST" name="setUp" finished-at="2024-07-29T13:58:15 IST" duration-ms="1397" status="PASS">
          <reporter-output>
          </reporter-output>
        </test-method> <!-- setUp -->
        <test-method is-config="true" signature="urlLoading()[pri:0, instance:testng_pkg.WindowHandlerWrk@f09733f]" started-at="2024-07-29T13:58:16 IST" name="urlLoading" finished-at="2024-07-29T13:58:17 IST" duration-ms="1537" status="PASS">
          <reporter-output>
          </reporter-output>
        </test-method> <!-- urlLoading -->
        <test-method signature="amazon()[pri:0, instance:testng_pkg.WindowHandlerWrk@f09733f]" started-at="2024-07-29T13:58:17 IST" name="amazon" finished-at="2024-07-29T13:58:33 IST" duration-ms="16011" status="PASS">
          <reporter-output>
          </reporter-output>
        </test-method> <!-- amazon -->
      </class> <!-- testng_pkg.WindowHandlerWrk -->
    </test> <!-- Default test -->
  </suite> <!-- Default suite -->
</testng-results>
